<?xml version="1.0" encoding="UTF-8"?>
<!-- Generated by org.testng.reporters.JUnitReportReporter -->
<testsuite name="qaclickacademy.AppiumTest" tests="2" time="0.000" ignored="0" failures="0" timestamp="27 Feb 2019 07:39:23 GMT" skipped="0" hostname="DESKTOP-902I00G" errors="0">
  <testcase name="NativeAppAndriod" time="0.000" classname="qaclickacademy.AppiumTest"/>
  <testcase name="IOSApps" time="0.000" classname="qaclickacademy.AppiumTest"/>
</testsuite> <!-- qaclickacademy.AppiumTest -->
