<?xml version="1.0" encoding="UTF-8"?>
<!-- Generated by org.testng.reporters.JUnitReportReporter -->
<testsuite name="qaclickacademy.RESTAPITest" tests="2" time="0.000" ignored="0" failures="0" timestamp="27 Feb 2019 07:39:33 GMT" skipped="0" hostname="DESKTOP-902I00G" errors="0">
  <testcase name="deleteTwitter" time="0.000" classname="qaclickacademy.RESTAPITest"/>
  <testcase name="postJira" time="0.000" classname="qaclickacademy.RESTAPITest"/>
</testsuite> <!-- qaclickacademy.RESTAPITest -->
